2025-04-08 23:20:12,467 | DEBUG: New Run: 
2025-04-08 23:20:12,988 | DEBUG: Key Press: s (shouldReturn: True, ['', '', '', 's'])
2025-04-08 23:20:13,187 | DEBUG: Key Press: s (shouldReturn: True, ['', '', 's', 's'])
2025-04-08 23:20:13,615 | DEBUG: Key Press: s (shouldReturn: True, ['', 's', 's', 's'])
2025-04-08 23:20:13,868 | DEBUG: Key Press: f (shouldReturn: True, ['s', 's', 's', 'f'])
2025-04-08 23:20:14,832 | DEBUG: Key Press: s (shouldReturn: True, ['s', 's', 'f', 's'])
2025-04-08 23:20:15,122 | DEBUG: Key Press: f (shouldReturn: True, ['s', 'f', 's', 'f'])
2025-04-08 23:20:15,807 | DEBUG: Key Press: w (shouldReturn: True, ['f', 's', 'f', 'w'])
2025-04-08 23:20:15,959 | DEBUG: Key Press: w (shouldReturn: True, ['s', 'f', 'w', 'w'])
2025-04-08 23:20:16,141 | DEBUG: Key Press: w (shouldReturn: True, ['f', 'w', 'w', 'w'])
2025-04-08 23:20:16,354 | DEBUG: Key Press: w (shouldReturn: True, ['w', 'w', 'w', 'w'])
2025-04-08 23:20:16,739 | DEBUG: Key Press: f (shouldReturn: True, ['w', 'w', 'w', 'f'])
2025-04-08 23:20:16,740 | DEBUG: Points: [(1, 4), (8, 3), (8, 0)]
2025-04-08 23:20:16,742 | DEBUG: Paths:
  :        ╹ 
  :          
  :          
  :        ╹ 
  : ┃        
2025-04-08 23:20:16,743 | DEBUG: Paths Raw:
  [[False, False, False, False], [False, False, False, False], [False, False, False, False], [False, False, False, False], [False, False, False, False], [False, False, False, False], [False, False, False, False], [False, False, False, False], [True, False, False, False], [False, False, False, False]]
  [[False, False, False, False], [False, False, False, False], [False, False, False, False], [False, False, False, False], [False, False, False, False], [False, False, False, False], [False, False, False, False], [False, False, False, False], [False, False, False, False], [False, False, False, False]]
  [[False, False, False, False], [False, False, False, False], [False, False, False, False], [False, False, False, False], [False, False, False, False], [False, False, False, False], [False, False, False, False], [False, False, False, False], [False, False, False, False], [False, False, False, False]]
  [[False, False, False, False], [False, False, False, False], [False, False, False, False], [False, False, False, False], [False, False, False, False], [False, False, False, False], [False, False, False, False], [False, False, False, False], [True, False, False, False], [False, False, False, False]]
  [[False, False, False, False], [True, False, True, False], [False, False, False, False], [False, False, False, False], [False, False, False, False], [False, False, False, False], [False, False, False, False], [False, False, False, False], [False, False, False, False], [False, False, False, False]]
2025-04-08 23:20:16,745 | DEBUG: Pipe:
  Self: (0, 0)┛
    Ngbrs: 
      (1, 0, 1)┫ SelfCnt: (1) False NghbrCnt: (3) True
      (0, 1, 2)┻ SelfCnt: (2) False NghbrCnt: (0) True
    Cnctd:
  Sources: set()
  Color: [0.0, 0.0, 0.0]
2025-04-08 23:20:16,746 | DEBUG: Pipe:
  Self: (1, 0)┫
    Ngbrs: 
      (2, 0, 1)╋ SelfCnt: (1) False NghbrCnt: (3) True
      (1, 1, 2)┣ SelfCnt: (2) True NghbrCnt: (0) True
      (0, 0, 3)┛ SelfCnt: (3) True NghbrCnt: (1) False
    Cnctd:
      (1, 1, 2)┣
  Sources: set()
  Color: [0.0, 0.0, 0.0]
2025-04-08 23:20:16,747 | DEBUG: Pipe:
  Self: (2, 0)╋
    Ngbrs: 
      (3, 0, 1)╋ SelfCnt: (1) True NghbrCnt: (3) True
      (2, 1, 2)┻ SelfCnt: (2) True NghbrCnt: (0) True
      (1, 0, 3)┫ SelfCnt: (3) True NghbrCnt: (1) False
    Cnctd:
      (3, 0, 1)╋
      (2, 1, 2)┻
  Sources: set()
  Color: [0.0, 0.0, 0.0]
2025-04-08 23:20:16,748 | DEBUG: Pipe:
  Self: (3, 0)╋
    Ngbrs: 
      (4, 0, 1)┣ SelfCnt: (1) True NghbrCnt: (3) False
      (3, 1, 2)┻ SelfCnt: (2) True NghbrCnt: (0) True
      (2, 0, 3)╋ SelfCnt: (3) True NghbrCnt: (1) True
    Cnctd:
      (3, 1, 2)┻
      (2, 0, 3)╋
  Sources: set()
  Color: [0.0, 0.0, 0.0]
2025-04-08 23:20:16,748 | DEBUG: Pipe:
  Self: (4, 0)┣
    Ngbrs: 
      (5, 0, 1)┻ SelfCnt: (1) True NghbrCnt: (3) True
      (4, 1, 2)┻ SelfCnt: (2) True NghbrCnt: (0) True
      (3, 0, 3)╋ SelfCnt: (3) False NghbrCnt: (1) True
    Cnctd:
      (5, 0, 1)┻
      (4, 1, 2)┻
  Sources: set()
  Color: [0.0, 0.0, 0.0]
2025-04-08 23:20:16,749 | DEBUG: Pipe:
  Self: (5, 0)┻
    Ngbrs: 
      (6, 0, 1)┏ SelfCnt: (1) True NghbrCnt: (3) False
      (5, 1, 2)┗ SelfCnt: (2) False NghbrCnt: (0) True
      (4, 0, 3)┣ SelfCnt: (3) True NghbrCnt: (1) True
    Cnctd:
      (4, 0, 3)┣
  Sources: set()
  Color: [0.0, 0.0, 0.0]
2025-04-08 23:20:16,750 | DEBUG: Pipe:
  Self: (6, 0)┏
    Ngbrs: 
      (7, 0, 1)━ SelfCnt: (1) True NghbrCnt: (3) True
      (6, 1, 2)┓ SelfCnt: (2) True NghbrCnt: (0) False
      (5, 0, 3)┻ SelfCnt: (3) False NghbrCnt: (1) True
    Cnctd:
      (7, 0, 1)━
  Sources: set()
  Color: [0.0, 0.0, 0.0]
2025-04-08 23:20:16,751 | DEBUG: Pipe:
  Self: (7, 0)━
    Ngbrs: 
      (8, 0, 1)┃ SelfCnt: (1) True NghbrCnt: (3) False
      (7, 1, 2)┛ SelfCnt: (2) False NghbrCnt: (0) True
      (6, 0, 3)┏ SelfCnt: (3) True NghbrCnt: (1) True
    Cnctd:
      (6, 0, 3)┏
  Sources: set()
  Color: [0.0, 0.0, 0.0]
2025-04-08 23:20:16,751 | DEBUG: Pipe:
  Self: (8, 0)┃
    Ngbrs: 
      (9, 0, 1)┣ SelfCnt: (1) False NghbrCnt: (3) False
      (8, 1, 2)┗ SelfCnt: (2) True NghbrCnt: (0) True
      (7, 0, 3)━ SelfCnt: (3) False NghbrCnt: (1) True
    Cnctd:
      (8, 1, 2)┗
  Sources: {8}
  Color: [1.0, 0.0, 0.0]
2025-04-08 23:20:16,752 | DEBUG: Pipe:
  Self: (9, 0)┣
    Ngbrs: 
      (9, 1, 2)┗ SelfCnt: (2) True NghbrCnt: (0) True
      (8, 0, 3)┃ SelfCnt: (3) False NghbrCnt: (1) False
    Cnctd:
      (9, 1, 2)┗
  Sources: set()
  Color: [0.0, 0.0, 0.0]
2025-04-08 23:20:16,753 | DEBUG: Pipe:
  Self: (8, 0)┃
    Ngbrs: 
      (9, 0, 1)┣ SelfCnt: (1) False NghbrCnt: (3) False
      (8, 1, 2)┗ SelfCnt: (2) True NghbrCnt: (0) True
      (7, 0, 3)━ SelfCnt: (3) False NghbrCnt: (1) True
    Cnctd:
      (8, 1, 2)┗
  Sources: {8}
  Color: [1.0, 0.0, 0.0]
2025-04-08 23:20:16,753 | DEBUG: Pipe:
  Self: (8, 1)┗
    Ngbrs: 
      (8, 0, 0)┃ SelfCnt: (0) True NghbrCnt: (2) True
      (9, 1, 1)┗ SelfCnt: (1) True NghbrCnt: (3) False
      (8, 2, 2)┻ SelfCnt: (2) False NghbrCnt: (0) True
      (7, 1, 3)┛ SelfCnt: (3) False NghbrCnt: (1) False
    Cnctd:
      (8, 0, 0)┃
  Sources: {8}
  Color: [1.0, 0.0, 0.0]
2025-04-08 23:20:16,754 | DEBUG: Pipe:
  Self: (8, 1)┗
    Ngbrs: 
      (8, 0, 0)┃ SelfCnt: (0) True NghbrCnt: (2) True
      (9, 1, 1)┗ SelfCnt: (1) True NghbrCnt: (3) False
      (8, 2, 2)┻ SelfCnt: (2) False NghbrCnt: (0) True
      (7, 1, 3)┛ SelfCnt: (3) False NghbrCnt: (1) False
    Cnctd:
      (8, 0, 0)┃
  Sources: {8}
  Color: [1.0, 0.0, 0.0]
2025-04-08 23:20:17,446 | DEBUG: Key Press: x (shouldReturn: True, ['w', 'w', 'f', 'x'])
2025-04-08 23:20:17,613 | DEBUG: Key Press: x (shouldReturn: True, ['w', 'f', 'x', 'x'])
